2020-Jan-20 03:34:04.155585 INFO    [daemon] UrbanCash v1.7.0.888 (bf3d986)
2020-Jan-20 03:34:04.156637 INFO    [daemon] Module folder: ./Urbancashd
2020-Jan-20 03:34:04.172620 INFO    [checkpoints] Failed to lookup DNS checkpoint records from checkpoints.urbancash.org
2020-Jan-20 03:34:04.173152 INFO    [daemon] Initializing p2p server...
2020-Jan-20 03:34:04.182216 INFO    [node_server] Network: b6eee012-31a0-5443-b130-3dccb57af62e
2020-Jan-20 03:34:04.182663 INFO    [node_server] Binding on 0.0.0.0:17699
2020-Jan-20 03:34:04.183447 INFO    [node_server] Net service bound on 0.0.0.0:17699
2020-Jan-20 03:34:04.183643 INFO    [node_server] Attempting to add IGD port mapping.
2020-Jan-20 03:34:05.195218 INFO    [node_server] IGD was found but reported as not connected.
2020-Jan-20 03:34:05.195544 INFO    [daemon] P2p server initialized OK
2020-Jan-20 03:34:05.195710 INFO    [daemon] Initializing core...
2020-Jan-20 03:34:05.214996 INFO    [Blockchain] Loading blockchain...
2020-Jan-20 03:34:05.219354 WARNING [Blockchain] No actual blockchain cache found, rebuilding internal structures...
2020-Jan-20 03:34:05.219634 INFO    [Blockchain] Height 0 of 48921
2020-Jan-20 03:34:05.315793 INFO    [Blockchain] Height 1000 of 48921
2020-Jan-20 03:34:05.388077 INFO    [Blockchain] Height 2000 of 48921
2020-Jan-20 03:34:05.447444 INFO    [Blockchain] Height 3000 of 48921
2020-Jan-20 03:34:05.513388 INFO    [Blockchain] Height 4000 of 48921
2020-Jan-20 03:34:05.572735 INFO    [Blockchain] Height 5000 of 48921
2020-Jan-20 03:34:05.634469 INFO    [Blockchain] Height 6000 of 48921
2020-Jan-20 03:34:05.710549 INFO    [Blockchain] Height 7000 of 48921
2020-Jan-20 03:34:05.770831 INFO    [Blockchain] Height 8000 of 48921
2020-Jan-20 03:34:05.829410 INFO    [Blockchain] Height 9000 of 48921
2020-Jan-20 03:34:05.887807 INFO    [Blockchain] Height 10000 of 48921
2020-Jan-20 03:34:05.948041 INFO    [Blockchain] Height 11000 of 48921
2020-Jan-20 03:34:06.012579 INFO    [Blockchain] Height 12000 of 48921
2020-Jan-20 03:34:06.078363 INFO    [Blockchain] Height 13000 of 48921
2020-Jan-20 03:34:06.163707 INFO    [Blockchain] Height 14000 of 48921
2020-Jan-20 03:34:06.222433 INFO    [Blockchain] Height 15000 of 48921
2020-Jan-20 03:34:06.283665 INFO    [Blockchain] Height 16000 of 48921
2020-Jan-20 03:34:06.342783 INFO    [Blockchain] Height 17000 of 48921
2020-Jan-20 03:34:06.404535 INFO    [Blockchain] Height 18000 of 48921
2020-Jan-20 03:34:06.464736 INFO    [Blockchain] Height 19000 of 48921
2020-Jan-20 03:34:06.527147 INFO    [Blockchain] Height 20000 of 48921
2020-Jan-20 03:34:06.587118 INFO    [Blockchain] Height 21000 of 48921
2020-Jan-20 03:34:06.649792 INFO    [Blockchain] Height 22000 of 48921
2020-Jan-20 03:34:06.707670 INFO    [Blockchain] Height 23000 of 48921
2020-Jan-20 03:34:06.766758 INFO    [Blockchain] Height 24000 of 48921
2020-Jan-20 03:34:06.829918 INFO    [Blockchain] Height 25000 of 48921
2020-Jan-20 03:34:06.889127 INFO    [Blockchain] Height 26000 of 48921
2020-Jan-20 03:34:06.948309 INFO    [Blockchain] Height 27000 of 48921
2020-Jan-20 03:34:07.010622 INFO    [Blockchain] Height 28000 of 48921
2020-Jan-20 03:34:07.074029 INFO    [Blockchain] Height 29000 of 48921
2020-Jan-20 03:34:07.138094 INFO    [Blockchain] Height 30000 of 48921
2020-Jan-20 03:34:07.245968 INFO    [Blockchain] Height 31000 of 48921
2020-Jan-20 03:34:07.301583 INFO    [Blockchain] Height 32000 of 48921
2020-Jan-20 03:34:07.355419 INFO    [Blockchain] Height 33000 of 48921
2020-Jan-20 03:34:07.410081 INFO    [Blockchain] Height 34000 of 48921
2020-Jan-20 03:34:07.460165 INFO    [Blockchain] Height 35000 of 48921
2020-Jan-20 03:34:07.516005 INFO    [Blockchain] Height 36000 of 48921
2020-Jan-20 03:34:07.575670 INFO    [Blockchain] Height 37000 of 48921
2020-Jan-20 03:34:07.637630 INFO    [Blockchain] Height 38000 of 48921
2020-Jan-20 03:34:07.696473 INFO    [Blockchain] Height 39000 of 48921
2020-Jan-20 03:34:07.755426 INFO    [Blockchain] Height 40000 of 48921
2020-Jan-20 03:34:07.814126 INFO    [Blockchain] Height 41000 of 48921
2020-Jan-20 03:34:07.873944 INFO    [Blockchain] Height 42000 of 48921
2020-Jan-20 03:34:07.935852 INFO    [Blockchain] Height 43000 of 48921
2020-Jan-20 03:34:07.995389 INFO    [Blockchain] Height 44000 of 48921
2020-Jan-20 03:34:08.055401 INFO    [Blockchain] Height 45000 of 48921
2020-Jan-20 03:34:08.116596 INFO    [Blockchain] Height 46000 of 48921
2020-Jan-20 03:34:08.177365 INFO    [Blockchain] Height 47000 of 48921
2020-Jan-20 03:34:08.238734 INFO    [Blockchain] Height 48000 of 48921
2020-Jan-20 03:34:08.291484 INFO    [Blockchain] Rebuilding internal structures took: 3.07185
2020-Jan-20 03:34:08.291914 INFO    [Blockchain] Blockchain initialized. last block: 48920, d4.h08.m06.s14 time ago, current difficulty: 4772
2020-Jan-20 03:34:08.292006 INFO    [daemon] Core initialized OK
2020-Jan-20 03:34:08.292340 INFO    [daemon] Starting core rpc server on address 127.0.0.1:17799
2020-Jan-20 03:34:08.292504 INFO    [daemon] Core rpc server started ok
2020-Jan-20 03:34:08.292578 INFO    [daemon] Starting p2p net loop...
2020-Jan-20 03:34:08.292639 INFO    [node_server] Starting node_server
2020-Jan-20 03:34:13.653715 ERROR   [node_server] Failed to connect to any of seed peers, continuing without seeds
2020-Jan-20 03:34:21.016732 ERROR   [node_server] Failed to connect to any of seed peers, continuing without seeds
2020-Jan-20 03:34:28.370880 ERROR   [node_server] Failed to connect to any of seed peers, continuing without seeds
2020-Jan-20 03:34:35.689335 ERROR   [node_server] Failed to connect to any of seed peers, continuing without seeds
2020-Jan-20 03:34:44.010269 ERROR   [node_server] Failed to connect to any of seed peers, continuing without seeds
2020-Jan-20 03:34:51.367527 ERROR   [node_server] Failed to connect to any of seed peers, continuing without seeds
2020-Jan-20 03:34:58.722194 ERROR   [node_server] Failed to connect to any of seed peers, continuing without seeds
2020-Jan-20 03:35:06.042149 ERROR   [node_server] Failed to connect to any of seed peers, continuing without seeds
2020-Jan-20 03:35:13.397419 ERROR   [node_server] Failed to connect to any of seed peers, continuing without seeds
2020-Jan-20 03:35:25.623970 ERROR   [node_server] Failed to connect to any of seed peers, continuing without seeds
2020-Jan-20 03:35:32.948075 ERROR   [node_server] Failed to connect to any of seed peers, continuing without seeds
2020-Jan-20 03:35:45.174590 ERROR   [node_server] Failed to connect to any of seed peers, continuing without seeds
2020-Jan-20 03:35:52.528468 ERROR   [node_server] Failed to connect to any of seed peers, continuing without seeds
2020-Jan-20 03:35:59.847372 ERROR   [node_server] Failed to connect to any of seed peers, continuing without seeds
2020-Jan-20 03:36:07.204196 ERROR   [node_server] Failed to connect to any of seed peers, continuing without seeds
2020-Jan-20 03:36:14.561941 ERROR   [node_server] Failed to connect to any of seed peers, continuing without seeds
2020-Jan-20 03:36:21.918919 ERROR   [node_server] Failed to connect to any of seed peers, continuing without seeds
2020-Jan-20 03:36:29.277126 ERROR   [node_server] Failed to connect to any of seed peers, continuing without seeds
2020-Jan-20 03:36:36.604385 ERROR   [node_server] Failed to connect to any of seed peers, continuing without seeds
2020-Jan-20 03:36:43.961037 ERROR   [node_server] Failed to connect to any of seed peers, continuing without seeds
2020-Jan-20 03:36:51.319894 ERROR   [node_server] Failed to connect to any of seed peers, continuing without seeds
2020-Jan-20 03:36:58.637284 ERROR   [node_server] Failed to connect to any of seed peers, continuing without seeds
2020-Jan-20 03:36:58.726518 INFO    [protocol] Connections: 
2020-Jan-20 03:36:58.726518 INFO    [protocol] Remote Host              Peer id             Recv/Sent (inactive,sec) State                    Lifetime(seconds)   

2020-Jan-20 03:37:06.002917 ERROR   [node_server] Failed to connect to any of seed peers, continuing without seeds
2020-Jan-20 03:37:13.323068 ERROR   [node_server] Failed to connect to any of seed peers, continuing without seeds
2020-Jan-20 03:37:20.655862 ERROR   [node_server] Failed to connect to any of seed peers, continuing without seeds
2020-Jan-20 03:37:27.980145 ERROR   [node_server] Failed to connect to any of seed peers, continuing without seeds
2020-Jan-20 03:37:35.302593 ERROR   [node_server] Failed to connect to any of seed peers, continuing without seeds
2020-Jan-20 03:37:47.555470 ERROR   [node_server] Failed to connect to any of seed peers, continuing without seeds
2020-Jan-20 03:37:54.874190 ERROR   [node_server] Failed to connect to any of seed peers, continuing without seeds
2020-Jan-20 03:38:02.191430 ERROR   [node_server] Failed to connect to any of seed peers, continuing without seeds
2020-Jan-20 03:38:09.547087 ERROR   [node_server] Failed to connect to any of seed peers, continuing without seeds
2020-Jan-20 03:38:16.905122 ERROR   [node_server] Failed to connect to any of seed peers, continuing without seeds
2020-Jan-20 03:38:24.233852 ERROR   [node_server] Failed to connect to any of seed peers, continuing without seeds
2020-Jan-20 03:38:36.461858 ERROR   [node_server] Failed to connect to any of seed peers, continuing without seeds
2020-Jan-20 03:38:43.825580 ERROR   [node_server] Failed to connect to any of seed peers, continuing without seeds
2020-Jan-20 03:38:56.053391 ERROR   [node_server] Failed to connect to any of seed peers, continuing without seeds
2020-Jan-20 03:39:03.412704 ERROR   [node_server] Failed to connect to any of seed peers, continuing without seeds
2020-Jan-20 03:39:15.642628 ERROR   [node_server] Failed to connect to any of seed peers, continuing without seeds
2020-Jan-20 03:39:23.000755 ERROR   [node_server] Failed to connect to any of seed peers, continuing without seeds
2020-Jan-20 03:39:30.320406 ERROR   [node_server] Failed to connect to any of seed peers, continuing without seeds
2020-Jan-20 03:39:42.546492 ERROR   [node_server] Failed to connect to any of seed peers, continuing without seeds
2020-Jan-20 03:39:49.901735 ERROR   [node_server] Failed to connect to any of seed peers, continuing without seeds
2020-Jan-20 03:40:02.127550 ERROR   [node_server] Failed to connect to any of seed peers, continuing without seeds
2020-Jan-20 03:40:09.445034 ERROR   [node_server] Failed to connect to any of seed peers, continuing without seeds
2020-Jan-20 03:40:16.762333 ERROR   [node_server] Failed to connect to any of seed peers, continuing without seeds
2020-Jan-20 03:40:24.097419 ERROR   [node_server] Failed to connect to any of seed peers, continuing without seeds
2020-Jan-20 03:40:36.332274 ERROR   [node_server] Failed to connect to any of seed peers, continuing without seeds
2020-Jan-20 03:40:43.695607 ERROR   [node_server] Failed to connect to any of seed peers, continuing without seeds
2020-Jan-20 03:40:51.037427 ERROR   [node_server] Failed to connect to any of seed peers, continuing without seeds
2020-Jan-20 03:41:03.267759 ERROR   [node_server] Failed to connect to any of seed peers, continuing without seeds
2020-Jan-20 03:41:10.621529 ERROR   [node_server] Failed to connect to any of seed peers, continuing without seeds
2020-Jan-20 03:41:17.979381 ERROR   [node_server] Failed to connect to any of seed peers, continuing without seeds
2020-Jan-20 03:41:30.204862 ERROR   [node_server] Failed to connect to any of seed peers, continuing without seeds
2020-Jan-20 03:41:31.338858 INFO    [node_server] Stop signal sent
2020-Jan-20 03:41:31.339226 INFO    [node_server] Stopping NodeServer and its 0 connections...
2020-Jan-20 03:41:31.339606 INFO    [node_server] NodeServer loop stopped
2020-Jan-20 03:41:31.339781 INFO    [daemon] p2p net loop stopped
2020-Jan-20 03:41:31.339947 INFO    [daemon] Stopping core rpc server...
2020-Jan-20 03:41:31.340183 INFO    [daemon] Deinitializing core...
2020-Jan-20 03:41:31.340350 INFO    [miner] Mining has been stopped, 0 finished
2020-Jan-20 03:41:31.341380 INFO    [Blockchain] Saving blockchain at height 48920...
2020-Jan-20 03:41:31.342050 INFO    [BlockCacheSerializer] - saving block index...
2020-Jan-20 03:41:31.367906 INFO    [BlockCacheSerializer] - saving transaction map...
2020-Jan-20 03:41:31.404860 INFO    [BlockCacheSerializer] - saving spent keys...
2020-Jan-20 03:41:31.405900 INFO    [BlockCacheSerializer] - saving outputs...
2020-Jan-20 03:41:31.438935 INFO    [BlockCacheSerializer] - saving multi-signature outputs...
2020-Jan-20 03:41:31.439134 INFO    [BlockCacheSerializer] Serialization time: 97ms
2020-Jan-20 03:41:31.463544 INFO    [daemon] Deinitializing p2p...
2020-Jan-20 03:41:31.464039 INFO    [miner] Mining has been stopped, 0 finished
2020-Jan-20 03:41:31.541502 INFO    [daemon] Node stopped.
2020-Jan-20 04:00:40.346629 INFO    [daemon] UrbanCash v1.7.0.888 (bf3d986)
2020-Jan-20 04:00:40.347286 INFO    [daemon] Module folder: ./Urbancashd
2020-Jan-20 04:00:40.363319 INFO    [checkpoints] Failed to lookup DNS checkpoint records from checkpoints.urbancash.org
2020-Jan-20 04:00:40.363918 INFO    [daemon] Initializing p2p server...
2020-Jan-20 04:00:40.364506 INFO    [node_server] Network: b6eee012-31a0-5443-b130-3dccb57af62e
2020-Jan-20 04:00:40.364707 INFO    [node_server] Binding on 0.0.0.0:17699
2020-Jan-20 04:00:40.364959 INFO    [node_server] Net service bound on 0.0.0.0:17699
2020-Jan-20 04:00:40.365139 INFO    [node_server] Attempting to add IGD port mapping.
2020-Jan-20 04:00:41.375393 INFO    [node_server] IGD was found but reported as not connected.
2020-Jan-20 04:00:41.375779 INFO    [daemon] P2p server initialized OK
2020-Jan-20 04:00:41.375948 INFO    [daemon] Initializing core...
2020-Jan-20 04:00:41.384720 INFO    [Blockchain] Loading blockchain...
2020-Jan-20 04:00:41.385356 INFO    [BlockCacheSerializer] - loading block index...
2020-Jan-20 04:00:41.448126 INFO    [BlockCacheSerializer] - loading transaction map...
2020-Jan-20 04:00:41.507021 INFO    [BlockCacheSerializer] - loading spent keys...
2020-Jan-20 04:00:41.507940 INFO    [BlockCacheSerializer] - loading outputs...
2020-Jan-20 04:00:41.623756 INFO    [BlockCacheSerializer] - loading multi-signature outputs...
2020-Jan-20 04:00:41.623924 INFO    [BlockCacheSerializer] Serialization time: 238ms
2020-Jan-20 04:00:41.630336 INFO    [Blockchain] Blockchain initialized. last block: 48920, d4.h08.m32.s47 time ago, current difficulty: 4772
2020-Jan-20 04:00:41.630493 INFO    [daemon] Core initialized OK
2020-Jan-20 04:00:41.630825 INFO    [daemon] Starting core rpc server on address 127.0.0.1:17799
2020-Jan-20 04:00:41.630993 INFO    [daemon] Core rpc server started ok
2020-Jan-20 04:00:41.631068 INFO    [daemon] Starting p2p net loop...
2020-Jan-20 04:00:41.631132 INFO    [node_server] Starting node_server
2020-Jan-20 05:38:02.527727 INFO    [node_server] Stop signal sent
2020-Jan-20 05:38:02.527760 INFO    [node_server] Stopping NodeServer and its 1 connections...
2020-Jan-20 05:38:02.531958 INFO    [node_server] NodeServer loop stopped
2020-Jan-20 05:38:02.532152 INFO    [daemon] p2p net loop stopped
2020-Jan-20 05:38:02.532322 INFO    [daemon] Stopping core rpc server...
2020-Jan-20 05:38:02.532574 INFO    [daemon] Deinitializing core...
2020-Jan-20 05:38:02.532744 INFO    [miner] Mining has been stopped, 0 finished
2020-Jan-20 05:38:02.533811 INFO    [Blockchain] Saving blockchain at height 48920...
2020-Jan-20 05:38:02.535163 INFO    [BlockCacheSerializer] - saving block index...
2020-Jan-20 05:38:02.554641 INFO    [BlockCacheSerializer] - saving transaction map...
2020-Jan-20 05:38:02.627807 INFO    [BlockCacheSerializer] - saving spent keys...
2020-Jan-20 05:38:02.628773 INFO    [BlockCacheSerializer] - saving outputs...
2020-Jan-20 05:38:02.654301 INFO    [BlockCacheSerializer] - saving multi-signature outputs...
2020-Jan-20 05:38:02.654475 INFO    [BlockCacheSerializer] Serialization time: 119ms
2020-Jan-20 05:38:02.658274 INFO    [daemon] Deinitializing p2p...
2020-Jan-20 05:38:02.658831 INFO    [miner] Mining has been stopped, 0 finished
2020-Jan-20 05:38:02.695640 INFO    [daemon] Node stopped.
