Determining if the pthread_create exist failed with the following output:
Change Dir: /home/fmarques/Área de Trabalho/karbowanec urbancash/build/CMakeFiles/CMakeTmp

Run Build Command:"/usr/bin/make" "cmTC_62fa6/fast"
/usr/bin/make -f CMakeFiles/cmTC_62fa6.dir/build.make CMakeFiles/cmTC_62fa6.dir/build
make[1]: Entering directory '/home/fmarques/Área de Trabalho/karbowanec urbancash/build/CMakeFiles/CMakeTmp'
Building C object CMakeFiles/cmTC_62fa6.dir/CheckSymbolExists.c.o
/usr/bin/cc    -o CMakeFiles/cmTC_62fa6.dir/CheckSymbolExists.c.o   -c "/home/fmarques/Área de Trabalho/karbowanec urbancash/build/CMakeFiles/CMakeTmp/CheckSymbolExists.c"
Linking C executable cmTC_62fa6
/usr/local/bin/cmake -E cmake_link_script CMakeFiles/cmTC_62fa6.dir/link.txt --verbose=1
/usr/bin/cc      -rdynamic CMakeFiles/cmTC_62fa6.dir/CheckSymbolExists.c.o  -o cmTC_62fa6 
CMakeFiles/cmTC_62fa6.dir/CheckSymbolExists.c.o: na função `main':
CheckSymbolExists.c:(.text+0x16): referência indefinida a `pthread_create'
collect2: error: ld returned 1 exit status
CMakeFiles/cmTC_62fa6.dir/build.make:97: recipe for target 'cmTC_62fa6' failed
make[1]: *** [cmTC_62fa6] Error 1
make[1]: Leaving directory '/home/fmarques/Área de Trabalho/karbowanec urbancash/build/CMakeFiles/CMakeTmp'
Makefile:126: recipe for target 'cmTC_62fa6/fast' failed
make: *** [cmTC_62fa6/fast] Error 2

File /home/fmarques/Área de Trabalho/karbowanec urbancash/build/CMakeFiles/CMakeTmp/CheckSymbolExists.c:
/* */
#include <pthread.h>

int main(int argc, char** argv)
{
  (void)argv;
#ifndef pthread_create
  return ((int*)(&pthread_create))[argc];
#else
  (void)argc;
  return 0;
#endif
}

